{"numFailedTestSuites":0,"numFailedTests":0,"numPassedTestSuites":3,"numPassedTests":6,"numPendingTestSuites":0,"numPendingTests":0,"numRuntimeErrorTestSuites":0,"numTodoTests":0,"numTotalTestSuites":3,"numTotalTests":6,"openHandles":[],"snapshot":{"added":0,"didUpdate":false,"failure":false,"filesAdded":0,"filesRemoved":0,"filesRemovedList":[],"filesUnmatched":0,"filesUpdated":0,"matched":0,"total":0,"unchecked":0,"uncheckedKeysByFile":[],"unmatched":0,"updated":0},"startTime":1768128635863,"success":true,"testResults":[{"assertionResults":[{"ancestorTitles":[],"duration":3,"failureDetails":[],"failureMessages":[],"fullName":"Footer component contains expected Contentful query fields","invocations":1,"location":null,"numPassingAsserts":5,"retryReasons":[],"status":"passed","title":"Footer component contains expected Contentful query fields"}],"endTime":1768128637279,"message":"","name":"/Volumes/PRO-BLADE/Github/jeldonmusic_com/site1/__tests__/footer.test.js","startTime":1768128636477,"status":"passed","summary":""},{"assertionResults":[{"ancestorTitles":[],"duration":1,"failureDetails":[],"failureMessages":[],"fullName":"Header component contains expected Contentful query fields","invocations":1,"location":null,"numPassingAsserts":3,"retryReasons":[],"status":"passed","title":"Header component contains expected Contentful query fields"}],"endTime":1768128637412,"message":"","name":"/Volumes/PRO-BLADE/Github/jeldonmusic_com/site1/__tests__/header.test.js","startTime":1768128637291,"status":"passed","summary":""},{"assertionResults":[{"ancestorTitles":["RotatingHeroBanner"],"duration":45,"failureDetails":[],"failureMessages":[],"fullName":"RotatingHeroBanner renders without crashing","invocations":1,"location":null,"numPassingAsserts":1,"retryReasons":[],"status":"passed","title":"renders without crashing"},{"ancestorTitles":["RotatingHeroBanner"],"duration":13,"failureDetails":[],"failureMessages":[],"fullName":"RotatingHeroBanner displays hero content correctly","invocations":1,"location":null,"numPassingAsserts":3,"retryReasons":[],"status":"passed","title":"displays hero content correctly"},{"ancestorTitles":["RotatingHeroBanner"],"duration":14,"failureDetails":[],"failureMessages":[],"fullName":"RotatingHeroBanner navigation controls work","invocations":1,"location":null,"numPassingAsserts":0,"retryReasons":[],"status":"passed","title":"navigation controls work"},{"ancestorTitles":["RotatingHeroBanner"],"duration":8,"failureDetails":[],"failureMessages":[],"fullName":"RotatingHeroBanner autoplay can be toggled","invocations":1,"location":null,"numPassingAsserts":2,"retryReasons":[],"status":"passed","title":"autoplay can be toggled"}],"endTime":1768128637807,"message":"","name":"/Volumes/PRO-BLADE/Github/jeldonmusic_com/site1/__tests__/rotating-hero-banner.test.js","startTime":1768128637419,"status":"passed","summary":""}],"wasInterrupted":false}
